<?xml version="1.0" encoding="UTF-8"?>
<!-- Generated by org.testng.reporters.JUnitXMLReporter -->
<testsuite ignored="0" hostname="Mez_Laptop" failures="0" tests="2" name="Default test" time="17.593" errors="0" timestamp="2024-06-06T12:53:20 EDT">
  <testcase classname="com.tutorialsninja.qa.Testcases.SearchProductTets" name="verifySerchWithValidProduct" time="2.726"/>
  <testcase classname="com.tutorialsninja.qa.Testcases.SearchProductTets" name="verifySerchWithInvalidProduct" time="2.021"/>
</testsuite> <!-- Default test -->
