<?xml version="1.0" encoding="UTF-8"?>
<!-- Generated by org.testng.reporters.JUnitXMLReporter -->
<testsuite ignored="0" hostname="Mez_Laptop" failures="0" tests="11" name="Test" time="67.155" errors="0" timestamp="2024-06-04T21:32:51 EDT">
  <testcase classname="com.tutorialsninja.qa.Testcases.LoginTest" name="verifyLoginWithValidCredentials" time="1.127"/>
  <testcase classname="com.tutorialsninja.qa.Testcases.LoginTest" name="verifyLoginWithInvalidCredentials" time="1.11"/>
  <testcase classname="com.tutorialsninja.qa.Testcases.LoginTest" name="verifyLoginWithValidEmailInvalidPassword" time="0.928"/>
  <testcase classname="com.tutorialsninja.qa.Testcases.LoginTest" name="verifyLoginWithNoCredentials" time="0.882"/>
  <testcase classname="com.tutorialsninja.qa.Testcases.LoginTest" name="verifyLoginWithEmptyPassword" time="0.798"/>
  <testcase classname="com.tutorialsninja.qa.Testcases.SearchProductTets" name="verifySerchWithValidProduct" time="0.708"/>
  <testcase classname="com.tutorialsninja.qa.Testcases.SearchProductTets" name="verifySerchWithInvalidProduct" time="0.597"/>
  <testcase classname="com.tutorialsninja.qa.Testcases.RegisterTest" name="registerWithMandatoryDetails" time="1.491"/>
  <testcase classname="com.tutorialsninja.qa.Testcases.RegisterTest" name="registerWithALLDetails" time="1.072"/>
  <testcase classname="com.tutorialsninja.qa.Testcases.RegisterTest" name="registerWithExistingEmail" time="1.02"/>
  <testcase classname="com.tutorialsninja.qa.Testcases.RegisterTest" name="registerWithoutDetails" time="0.591"/>
</testsuite> <!-- Test -->
