<?xml version="1.0" encoding="UTF-8"?>
<testng-results ignored="0" total="2" passed="2" failed="0" skipped="0">
  <reporter-output>
  </reporter-output>
  <suite started-at="2024-06-06T12:53:02 EDT" name="Default suite" finished-at="2024-06-06T12:53:20 EDT" duration-ms="17593">
    <groups>
    </groups>
    <test started-at="2024-06-06T12:53:02 EDT" name="Default test" finished-at="2024-06-06T12:53:20 EDT" duration-ms="17593">
      <class name="com.tutorialsninja.qa.Testcases.SearchProductTets">
        <test-method is-config="true" signature="searchSetUp()[pri:0, instance:com.tutorialsninja.qa.Testcases.SearchProductTets@35d019a3]" started-at="2024-06-06T12:53:02 EDT" name="searchSetUp" finished-at="2024-06-06T12:53:09 EDT" duration-ms="6697" status="PASS">
          <reporter-output>
          </reporter-output>
        </test-method> <!-- searchSetUp -->
        <test-method signature="verifySerchWithValidProduct()[pri:1, instance:com.tutorialsninja.qa.Testcases.SearchProductTets@35d019a3]" started-at="2024-06-06T12:53:09 EDT" name="verifySerchWithValidProduct" finished-at="2024-06-06T12:53:12 EDT" duration-ms="2726" status="PASS">
          <reporter-output>
          </reporter-output>
        </test-method> <!-- verifySerchWithValidProduct -->
        <test-method is-config="true" signature="tearDown()[pri:0, instance:com.tutorialsninja.qa.Testcases.SearchProductTets@35d019a3]" started-at="2024-06-06T12:53:12 EDT" name="tearDown" finished-at="2024-06-06T12:53:12 EDT" duration-ms="247" status="PASS">
          <reporter-output>
          </reporter-output>
        </test-method> <!-- tearDown -->
        <test-method is-config="true" signature="searchSetUp()[pri:0, instance:com.tutorialsninja.qa.Testcases.SearchProductTets@35d019a3]" started-at="2024-06-06T12:53:12 EDT" name="searchSetUp" finished-at="2024-06-06T12:53:17 EDT" duration-ms="5585" status="PASS">
          <reporter-output>
          </reporter-output>
        </test-method> <!-- searchSetUp -->
        <test-method signature="verifySerchWithInvalidProduct()[pri:2, instance:com.tutorialsninja.qa.Testcases.SearchProductTets@35d019a3]" started-at="2024-06-06T12:53:17 EDT" name="verifySerchWithInvalidProduct" finished-at="2024-06-06T12:53:19 EDT" duration-ms="2021" status="PASS">
          <reporter-output>
          </reporter-output>
        </test-method> <!-- verifySerchWithInvalidProduct -->
        <test-method is-config="true" signature="tearDown()[pri:0, instance:com.tutorialsninja.qa.Testcases.SearchProductTets@35d019a3]" started-at="2024-06-06T12:53:19 EDT" name="tearDown" finished-at="2024-06-06T12:53:20 EDT" duration-ms="266" status="PASS">
          <reporter-output>
          </reporter-output>
        </test-method> <!-- tearDown -->
      </class> <!-- com.tutorialsninja.qa.Testcases.SearchProductTets -->
    </test> <!-- Default test -->
  </suite> <!-- Default suite -->
</testng-results>
